<?xml version="1.0" encoding="UTF-8"?>
<!-- Generated by org.testng.reporters.JUnitXMLReporter -->
<testsuite hostname="testusers-MacBook-Pro.local" ignored="0" name="Default test" tests="1" failures="0" timestamp="2019-04-22T23:09:54 CEST" time="0.108" errors="0">
  <testcase name="@BeforeTest init" time="-1.555967393785E9" classname="automation.FullCheckoutTest">
    <failure type="org.testng.TestNGException" message="
Parameter &amp;apos;browser&amp;apos; is required by BeforeTest on method init but has not been marked @Optional or defined
in /private/var/folders/94/_6dhl0d97qd_x22bly8z5nn40000gp/T/testng-eclipse-846943149/testng-customsuite.xml">
      <![CDATA[org.testng.TestNGException: 
Parameter 'browser' is required by BeforeTest on method init but has not been marked @Optional or defined
in /private/var/folders/94/_6dhl0d97qd_x22bly8z5nn40000gp/T/testng-eclipse-846943149/testng-customsuite.xml
at org.testng.internal.Parameters.createParams(Parameters.java:323)
at org.testng.internal.Parameters.createParametersForMethod(Parameters.java:411)
at org.testng.internal.Parameters.createParameters(Parameters.java:734)
at org.testng.internal.Parameters.createConfigurationParameters(Parameters.java:197)
at org.testng.internal.Invoker.invokeConfigurations(Invoker.java:222)
at org.testng.internal.Invoker.invokeConfigurations(Invoker.java:144)
at org.testng.TestRunner.beforeRun(TestRunner.java:612)
at org.testng.TestRunner.run(TestRunner.java:582)
at org.testng.SuiteRunner.runTest(SuiteRunner.java:398)
at org.testng.SuiteRunner.runSequentially(SuiteRunner.java:392)
at org.testng.SuiteRunner.privateRun(SuiteRunner.java:354)
at org.testng.SuiteRunner.run(SuiteRunner.java:302)
at org.testng.SuiteRunnerWorker.runSuite(SuiteRunnerWorker.java:53)
at org.testng.SuiteRunnerWorker.run(SuiteRunnerWorker.java:96)
at org.testng.TestNG.runSuitesSequentially(TestNG.java:1145)
at org.testng.TestNG.runSuitesLocally(TestNG.java:1067)
at org.testng.TestNG.runSuites(TestNG.java:997)
at org.testng.TestNG.run(TestNG.java:965)
at org.testng.remote.AbstractRemoteTestNG.run(AbstractRemoteTestNG.java:115)
at org.testng.remote.RemoteTestNG.initAndRun(RemoteTestNG.java:251)
at org.testng.remote.RemoteTestNG.main(RemoteTestNG.java:77)
]]>
    </failure>
  </testcase> <!-- @BeforeTest init -->
  <testcase name="Checkout" time="0.0" classname="automation.FullCheckoutTest">
    <skipped/>
  </testcase> <!-- Checkout -->
</testsuite> <!-- Default test -->
